<?xml version="1.0" encoding="UTF-8"?>
<!-- Generated by org.testng.reporters.JUnitReportReporter -->
<testsuite hostname="DESKTOP-D0DJ3KT" failures="0" tests="1" name="TestNGprgms.FacebooktestNG" time="3.609" errors="0" timestamp="2023-09-18T10:38:24 IST" skipped="0">
  <testcase classname="TestNGprgms.FacebooktestNG" name="test1" time="3.609"/>
  <system-out/>
</testsuite> <!-- TestNGprgms.FacebooktestNG -->
