<?xml version="1.0" encoding="UTF-8"?>
<!-- Generated by org.testng.reporters.JUnitReportReporter -->
<testsuite hostname="DESKTOP-D0DJ3KT" failures="0" tests="1" name="testngpgms.Robotfileuploadpgm$FileuploadTestNG" time="6.951" errors="0" timestamp="2023-09-24T12:11:25 IST" skipped="0">
  <testcase classname="testngpgms.Robotfileuploadpgm$FileuploadTestNG" name="fileUploadpgm" time="6.951"/>
  <system-out/>
</testsuite> <!-- testngpgms.Robotfileuploadpgm$FileuploadTestNG -->
