<?xml version="1.0" encoding="UTF-8"?>
<!-- Generated by org.testng.reporters.JUnitReportReporter -->
<testsuite hostname="DESKTOP-D0DJ3KT" failures="0" tests="1" name="test.FBlogintest" time="2.060" errors="0" timestamp="2023-09-29T10:16:25 IST" skipped="0">
  <testcase classname="test.FBlogintest" name="test" time="2.060"/>
  <system-out/>
</testsuite> <!-- test.FBlogintest -->
