<?xml version="1.0" encoding="UTF-8"?>
<!-- Generated by org.testng.reporters.JUnitReportReporter -->
<testsuite hostname="DESKTOP-D0DJ3KT" failures="0" tests="2" name="TestNGprgms.Testnggroups" time="0.029" errors="0" timestamp="2023-09-16T11:25:56 IST" skipped="0">
  <testcase classname="TestNGprgms.Testnggroups" name="test2" time="0.006"/>
  <system-out/>
  <testcase classname="TestNGprgms.Testnggroups" name="test1" time="0.023"/>
  <system-out/>
</testsuite> <!-- TestNGprgms.Testnggroups -->
