<?xml version="1.0" encoding="UTF-8"?>
<!-- Generated by org.testng.reporters.JUnitReportReporter -->
<testsuite hostname="DESKTOP-D0DJ3KT" failures="0" tests="1" name="testngpgms.DragAndDrop" time="1.913" errors="0" timestamp="2023-09-22T09:17:30 IST" skipped="0">
  <testcase classname="testngpgms.DragAndDrop" name="test" time="1.913"/>
  <system-out/>
</testsuite> <!-- testngpgms.DragAndDrop -->
