<?xml version="1.0" encoding="UTF-8"?>
<!-- Generated by org.testng.reporters.JUnitReportReporter -->
<testsuite hostname="DESKTOP-D0DJ3KT" failures="0" tests="1" name="test.CreateTest" time="4.380" errors="0" timestamp="2023-09-29T12:18:13 IST" skipped="0">
  <testcase classname="test.CreateTest" name="test" time="4.380"/>
  <system-out/>
</testsuite> <!-- test.CreateTest -->
