<?xml version="1.0" encoding="UTF-8"?>
<!-- Generated by org.testng.reporters.JUnitReportReporter -->
<testsuite hostname="DESKTOP-D0DJ3KT" failures="0" tests="1" name="testngpgms.DisablechromeOptions" time="4.142" errors="0" timestamp="2023-09-28T10:19:26 IST" skipped="0">
  <testcase classname="testngpgms.DisablechromeOptions" name="test" time="4.142"/>
  <system-out/>
</testsuite> <!-- testngpgms.DisablechromeOptions -->
