<?xml version="1.0" encoding="UTF-8"?>
<!-- Generated by org.testng.reporters.JUnitReportReporter -->
<testsuite hostname="DESKTOP-D0DJ3KT" failures="0" tests="1" name="testngpgms.ScrollDown" time="2.413" errors="0" timestamp="2023-09-28T10:50:04 IST" skipped="0">
  <testcase classname="testngpgms.ScrollDown" name="test" time="2.413"/>
  <system-out/>
</testsuite> <!-- testngpgms.ScrollDown -->
