<?xml version="1.0" encoding="UTF-8"?>
<!-- Generated by org.testng.reporters.JUnitReportReporter -->
<testsuite hostname="DESKTOP-D0DJ3KT" failures="0" tests="1" name="testngpgms.ActionsEbay" time="1.098" errors="0" timestamp="2023-09-21T10:14:15 IST" skipped="0">
  <testcase classname="testngpgms.ActionsEbay" name="test" time="1.098"/>
  <system-out/>
</testsuite> <!-- testngpgms.ActionsEbay -->
