<?xml version="1.0" encoding="UTF-8"?>
<!-- Generated by org.testng.reporters.JUnitReportReporter -->
<testsuite hostname="DESKTOP-D0DJ3KT" failures="0" tests="1" name="testngpgms.DatePicTestNG" time="5.877" errors="0" timestamp="2023-10-03T10:10:19 IST" skipped="0">
  <testcase classname="testngpgms.DatePicTestNG" name="test" time="5.877"/>
  <system-out/>
</testsuite> <!-- testngpgms.DatePicTestNG -->
