<?xml version="1.0" encoding="UTF-8"?>
<!-- Generated by org.testng.reporters.JUnitReportReporter -->
<testsuite hostname="DESKTOP-D0DJ3KT" failures="0" tests="4" name="testngpgms.Ebaylinkcheck" time="24.345" errors="0" timestamp="2023-09-19T12:59:46 IST" skipped="0">
  <testcase classname="testngpgms.Ebaylinkcheck" name="test2" time="0.058"/>
  <system-out/>
  <testcase classname="testngpgms.Ebaylinkcheck" name="test1" time="0.046"/>
  <system-out/>
  <testcase classname="testngpgms.Ebaylinkcheck" name="test3" time="0.557"/>
  <system-out/>
  <testcase classname="testngpgms.Ebaylinkcheck" name="test" time="23.684"/>
  <system-out/>
</testsuite> <!-- testngpgms.Ebaylinkcheck -->
