<?xml version="1.0" encoding="UTF-8"?>
<!-- Generated by org.testng.reporters.JUnitReportReporter -->
<testsuite hostname="DESKTOP-D0DJ3KT" failures="0" tests="2" name="TestNGprgms.TestingDemo" time="0.020" errors="0" timestamp="2023-09-16T10:54:25 IST" skipped="0">
  <testcase classname="TestNGprgms.TestingDemo" name="test2" time="0.015"/>
  <system-out/>
  <testcase classname="TestNGprgms.TestingDemo" name="test1" time="0.005"/>
  <system-out/>
</testsuite> <!-- TestNGprgms.TestingDemo -->
