<?xml version="1.0" encoding="UTF-8"?>
<!-- Generated by org.testng.reporters.JUnitReportReporter -->
<testsuite hostname="DESKTOP-D0DJ3KT" failures="0" tests="1" name="testngpgms.GetwindowsHandle$FileuploadTestNG" time="11.119" errors="0" timestamp="2023-09-28T10:58:44 IST" skipped="0">
  <testcase classname="testngpgms.GetwindowsHandle$FileuploadTestNG" name="test" time="11.119"/>
  <system-out/>
</testsuite> <!-- testngpgms.GetwindowsHandle$FileuploadTestNG -->
