<?xml version="1.0" encoding="UTF-8"?>
<!-- Generated by org.testng.reporters.JUnitReportReporter -->
<testsuite hostname="DESKTOP-D0DJ3KT" failures="0" tests="2" name="TestNGprgms.ReddiffTestNG" time="3.404" errors="0" timestamp="2023-09-18T11:10:16 IST" skipped="0">
  <testcase classname="TestNGprgms.ReddiffTestNG" name="test2" time="2.757"/>
  <system-out/>
  <testcase classname="TestNGprgms.ReddiffTestNG" name="test1" time="0.647"/>
  <system-out/>
</testsuite> <!-- TestNGprgms.ReddiffTestNG -->
