<?xml version="1.0" encoding="UTF-8"?>
<!-- Generated by org.testng.reporters.JUnitReportReporter -->
<testsuite hostname="DESKTOP-D0DJ3KT" failures="0" tests="1" name="TestNGprgms.Parameteristion" time="0.018" errors="0" timestamp="2023-09-18T09:50:12 IST" skipped="0">
  <testcase classname="TestNGprgms.Parameteristion" name="test" time="0.018"/>
  <system-out/>
</testsuite> <!-- TestNGprgms.Parameteristion -->
