<?xml version="1.0" encoding="UTF-8"?>
<!-- Generated by org.testng.reporters.JUnitReportReporter -->
<testsuite hostname="DESKTOP-D0DJ3KT" failures="0" tests="1" name="testngpgms.ActionClassTestNG" time="3.252" errors="0" timestamp="2023-09-20T10:05:25 IST" skipped="0">
  <testcase classname="testngpgms.ActionClassTestNG" name="test" time="3.252"/>
  <system-out/>
</testsuite> <!-- testngpgms.ActionClassTestNG -->
