<?xml version="1.0" encoding="UTF-8"?>
<!-- Generated by org.testng.reporters.JUnitReportReporter -->
<testsuite hostname="DESKTOP-D0DJ3KT" failures="0" tests="1" name="testngpgms.FileuploadTestNG" time="0.828" errors="0" timestamp="2023-09-22T09:43:53 IST" skipped="0">
  <testcase classname="testngpgms.FileuploadTestNG" name="test" time="0.828"/>
  <system-out/>
</testsuite> <!-- testngpgms.FileuploadTestNG -->
