<?xml version="1.0" encoding="UTF-8"?>
<!-- Generated by org.testng.reporters.JUnitReportReporter -->
<testsuite hostname="DESKTOP-D0DJ3KT" failures="0" tests="3" name="testngpgms.CrossBrowserTestNG" time="11.046" errors="0" timestamp="2023-09-19T10:12:18 IST" skipped="0">
  <testcase classname="testngpgms.CrossBrowserTestNG" name="test" time="3.799"/>
  <system-out/>
  <testcase classname="testngpgms.CrossBrowserTestNG" name="test" time="3.216"/>
  <system-out/>
  <testcase classname="testngpgms.CrossBrowserTestNG" name="test" time="4.031"/>
  <system-out/>
</testsuite> <!-- testngpgms.CrossBrowserTestNG -->
