<?xml version="1.0" encoding="UTF-8"?>
<!-- Generated by org.testng.reporters.JUnitReportReporter -->
<testsuite hostname="DESKTOP-D0DJ3KT" failures="0" tests="1" name="testngpgms.GuruActionclass" time="4.097" errors="0" timestamp="2023-09-20T11:01:27 IST" skipped="0">
  <testcase classname="testngpgms.GuruActionclass" name="test" time="4.097"/>
  <system-out/>
</testsuite> <!-- testngpgms.GuruActionclass -->
