<?xml version="1.0" encoding="UTF-8"?>
<!-- Generated by org.testng.reporters.JUnitReportReporter -->
<testsuite hostname="DESKTOP-D0DJ3KT" failures="0" tests="2" name="TestNGprgms.TestngDemo" time="0.014" errors="0" timestamp="2023-09-16T11:06:54 IST" skipped="0">
  <testcase classname="TestNGprgms.TestngDemo" name="test2" time="0.011"/>
  <system-out/>
  <testcase classname="TestNGprgms.TestngDemo" name="test1" time="0.003"/>
  <system-out/>
</testsuite> <!-- TestNGprgms.TestngDemo -->
